<?xml version="1.0" encoding="UTF-8"?>
<!-- Generated by org.testng.reporters.JUnitReportReporter -->
<testsuite hostname="DESKTOP-TK7QPJJ" failures="0" tests="1" name="com.demo.Demo" time="3.384" errors="0" timestamp="2022-11-06T12:33:25 IST" skipped="0">
  <testcase classname="com.demo.Demo" name="demo" time="3.384"/>
  <system-out/>
</testsuite> <!-- com.demo.Demo -->
